d:\git\kata\katabot\c\release\kata1\common.obj
d:\git\kata\katabot\c\release\kata1\commandutil.obj
d:\git\kata\katabot\c\release\kata1\uxmanager.obj
d:\git\kata\katabot\c\release\kata1\buildorderqueue.obj
d:\git\kata\katabot\c\release\kata1\mybotmodule.obj
d:\git\kata\katabot\c\release\kata1\workermanager.obj
d:\git\kata\katabot\c\release\kata1\config.obj
d:\git\kata\katabot\c\release\kata1\maptools.obj
d:\git\kata\katabot\c\release\kata1\unitdata.obj
d:\git\kata\katabot\c\release\kata1\constructionplacefinder.obj
d:\git\kata\katabot\c\release\kata1\main.obj
d:\git\kata\katabot\c\release\kata1\informationmanager.obj
d:\git\kata\katabot\c\release\kata1\strategymanager.obj
d:\git\kata\katabot\c\release\kata1\constructionmanager.obj
d:\git\kata\katabot\c\release\kata1\scoutmanager.obj
d:\git\kata\katabot\c\release\kata1\gamecommander.obj
d:\git\kata\katabot\c\release\kata1\buildmanager.obj
d:\git\kata\katabot\c\release\kata1\constructiontask.obj
d:\git\kata\katabot\c\release\kata1\metatype.obj
d:\git\kata\katabot\c\release\kata1\workerdata.obj
d:\git\kata\katabot\c\release\kata1\vc141.pdb
d:\git\kata\katabot\c\release\kata1\kata1.tlog\cl.command.1.tlog
d:\git\kata\katabot\c\release\kata1\kata1.tlog\cl.read.1.tlog
d:\git\kata\katabot\c\release\kata1\kata1.tlog\cl.write.1.tlog
d:\git\kata\katabot\c\release\kata1\kata1.tlog\link.command.1.tlog
d:\git\kata\katabot\c\release\kata1\kata1.tlog\link.read.1.tlog
d:\git\kata\katabot\c\release\kata1\kata1.tlog\link.write.1.tlog
